! PRE-CHECK: [AC] dose '5a Dose Revacinação' not found
! PRE-CHECK: [AC] name 'COVID-19 PFIZER - COMIRNATY BIVALENTE' not found
! PRE-CHECK: [AL] dose '5a Dose Revacinação' not found
! PRE-CHECK: [AL] name 'COVID-19 PFIZER - COMIRNATY BIVALENTE' not found
! PRE-CHECK: [AM] dose '1a Dose Fracionada' not found
! PRE-CHECK: [AM] dose '2a Dose Fracionada' not found
! PRE-CHECK: [AM] dose '5a Dose Revacinação' not found
! PRE-CHECK: [AM] name 'COVID-19 PFIZER - COMIRNATY BIVALENTE' not found
! PRE-CHECK: [AP] dose '5a Dose Revacinação' not found
! PRE-CHECK: [AP] name 'COVID-19 PFIZER - COMIRNATY BIVALENTE' not found
! PRE-CHECK: [BA] dose '5a Dose Revacinação' not found
! PRE-CHECK: [BA] dose '2a Dose Fracionada' not found
! PRE-CHECK: [BA] dose 'Tratamento com duas doses' not found
! PRE-CHECK: [BA] dose '1a Dose Fracionada' not found
! PRE-CHECK: [BA] name 'COVID-19 PFIZER - COMIRNATY BIVALENTE' not found
! PRE-CHECK: [CE] dose '5a Dose Revacinação' not found
! PRE-CHECK: [CE] dose '1a Dose Fracionada' not found
! PRE-CHECK: [CE] dose '3a Dose Fracionada' not found
! PRE-CHECK: [CE] dose '4a Dose Fracionada' not found
! PRE-CHECK: [CE] dose '2a Dose Fracionada' not found
! PRE-CHECK: [CE] name 'COVID-19 PFIZER - COMIRNATY BIVALENTE' not found
! PRE-CHECK: [DF] dose '2a Dose Fracionada' not found
! PRE-CHECK: [DF] dose '5a Dose Revacinação' not found
! PRE-CHECK: [DF] dose '1a Dose Fracionada' not found
! PRE-CHECK: [DF] dose '4a Dose Fracionada' not found
! PRE-CHECK: [DF] name 'COVID-19 PFIZER - COMIRNATY BIVALENTE' not found
! PRE-CHECK: [ES] name 'COVID-19 PFIZER - COMIRNATY BIVALENTE' not found
! PRE-CHECK: [GO] dose '5a Dose Revacinação' not found
! PRE-CHECK: [GO] dose '2a Dose Fracionada' not found
! PRE-CHECK: [GO] dose '1a Dose Fracionada' not found
! PRE-CHECK: [GO] name 'COVID-19 PFIZER - COMIRNATY BIVALENTE' not found
! PRE-CHECK: [MA] dose '5a Dose Revacinação' not found
! PRE-CHECK: [MA] name 'COVID-19 PFIZER - COMIRNATY BIVALENTE' not found
! PRE-CHECK: [MG] dose '5a Dose Revacinação' not found
! PRE-CHECK: [MG] dose '1a Dose Fracionada' not found
! PRE-CHECK: [MG] dose '2a Dose Fracionada' not found
! PRE-CHECK: [MG] dose 'Tratamento com dezessete doses' not found
! PRE-CHECK: [MG] name 'COVID-19 PFIZER - COMIRNATY BIVALENTE' not found
! PRE-CHECK: [MS] dose '5a Dose Revacinação' not found
! PRE-CHECK: [MS] dose '1a Dose Fracionada' not found
! PRE-CHECK: [MS] dose '2a Dose Fracionada' not found
! PRE-CHECK: [MS] name 'COVID-19 PFIZER - COMIRNATY BIVALENTE' not found
! PRE-CHECK: [MT] dose '5a Dose Revacinação' not found
! PRE-CHECK: [MT] name 'COVID-19 PFIZER - COMIRNATY BIVALENTE' not found
! PRE-CHECK: [PA] dose '2a Dose Fracionada' not found
! PRE-CHECK: [PA] dose '5a Dose Revacinação' not found
! PRE-CHECK: [PA] dose 'Tratamento com uma dose' not found
! PRE-CHECK: [PA] name 'COVID-19 PFIZER - COMIRNATY BIVALENTE' not found
! PRE-CHECK: [PB] dose '5a Dose Revacinação' not found
! PRE-CHECK: [PB] dose '2a Dose Fracionada' not found
! PRE-CHECK: [PB] dose '1a Dose Fracionada' not found
! PRE-CHECK: [PB] name 'COVID-19 PFIZER - COMIRNATY BIVALENTE' not found
! PRE-CHECK: [PE] dose '5a Dose Revacinação' not found
! PRE-CHECK: [PE] dose '4o Reforço' not found
! PRE-CHECK: [PE] dose '2a Dose Fracionada' not found
! PRE-CHECK: [PE] dose '1a Dose Fracionada' not found
! PRE-CHECK: [PE] name 'COVID-19 PFIZER - COMIRNATY BIVALENTE' not found
! PRE-CHECK: [PI] dose '2a Dose Fracionada' not found
! PRE-CHECK: [PI] dose '5a Dose Revacinação' not found
! PRE-CHECK: [PI] dose '1a Dose Fracionada' not found
! PRE-CHECK: [PI] name 'COVID-19 PFIZER - COMIRNATY BIVALENTE' not found
! PRE-CHECK: [PR] dose '5a Dose Revacinação' not found
! PRE-CHECK: [PR] dose 'Tratamento com uma dose' not found
! PRE-CHECK: [PR] dose 'Tratamento com três doses' not found
! PRE-CHECK: [PR] dose 'Tratamento com duas doses' not found
! PRE-CHECK: [PR] dose '6o Reforço' not found
! PRE-CHECK: [PR] dose 'Tratamento com doze doses' not found
! PRE-CHECK: [PR] name 'COVID-19 PFIZER - COMIRNATY BIVALENTE' not found
! PRE-CHECK: [RJ] dose '5a Dose Revacinação' not found
! PRE-CHECK: [RJ] dose '1a Dose Fracionada' not found
! PRE-CHECK: [RJ] dose '2a Dose Fracionada' not found
! PRE-CHECK: [RJ] dose '3a Dose Fracionada' not found
! PRE-CHECK: [RJ] dose 'Tratamento com uma dose' not found
! PRE-CHECK: [RJ] name 'COVID-19 PFIZER - COMIRNATY BIVALENTE' not found
! PRE-CHECK: [RN] dose '1a Dose Fracionada' not found
! PRE-CHECK: [RN] dose '2a Dose Fracionada' not found
! PRE-CHECK: [RN] dose '4o Reforço' not found
! PRE-CHECK: [RN] dose '5a Dose Revacinação' not found
! PRE-CHECK: [RN] name 'COVID-19 PFIZER - COMIRNATY BIVALENTE' not found
! PRE-CHECK: [RO] dose '5a Dose Revacinação' not found
! PRE-CHECK: [RO] name 'COVID-19 PFIZER - COMIRNATY BIVALENTE' not found
! PRE-CHECK: [RR] dose '5a Dose Revacinação' not found
! PRE-CHECK: [RR] name 'COVID-19 PFIZER - COMIRNATY BIVALENTE' not found
! PRE-CHECK: [RS] dose '5a Dose Revacinação' not found
! PRE-CHECK: [RS] dose '2a Dose Fracionada' not found
! PRE-CHECK: [RS] dose '1a Dose Fracionada' not found
! PRE-CHECK: [RS] dose 'Tratamento com duas doses' not found
! PRE-CHECK: [RS] dose 'Tratamento com uma dose' not found
! PRE-CHECK: [RS] name 'COVID-19 PFIZER - COMIRNATY BIVALENTE' not found
! PRE-CHECK: [SC] dose '5a Dose Revacinação' not found
! PRE-CHECK: [SC] name 'COVID-19 PFIZER - COMIRNATY BIVALENTE' not found
! PRE-CHECK: [SE] dose '5a Dose Revacinação' not found
! PRE-CHECK: [SE] name 'COVID-19 PFIZER - COMIRNATY BIVALENTE' not found
! PRE-CHECK: [SP] dose 'Tratamento com uma dose' not found
! PRE-CHECK: [SP] dose 'Tratamento com duas doses' not found
! PRE-CHECK: [SP] dose 'Tratamento com quatro doses' not found
! PRE-CHECK: [SP] dose '5a Dose Revacinação' not found
! PRE-CHECK: [SP] name 'COVID-19 PFIZER - COMIRNATY BIVALENTE' not found
! PRE-CHECK: [TO] dose '5a Dose Revacinação' not found
! PRE-CHECK: [TO] name 'COVID-19 PFIZER - COMIRNATY BIVALENTE' not found
WARNING: [AC] There are 168311 rows with dose = "Reforço", with a total of 308413 vaccination records. AC:308413
WARNING: [AC] There are 251564 rows with dose = "2a Dose", with a total of 584115 vaccination records. AC:584115
WARNING: [AC] There are 230563 rows with dose = "1a Dose", with a total of 696297 vaccination records. AC:696297
WARNING: [AC] There are 14848 rows with dose = "Dose Adicional", with a total of 22843 vaccination records. AC:22843
WARNING: [AC] There are 58727 rows with dose = "2o Reforço", with a total of 93200 vaccination records. AC:93200
WARNING: [AC] There are 1168 rows with dose = "1a Dose Revacinação", with a total of 1261 vaccination records. AC:1261
WARNING: [AC] There are 6179 rows with dose = "Dose", with a total of 13732 vaccination records. AC:13732
WARNING: [AC] There are 3665 rows with dose = "Revacinação", with a total of 4318 vaccination records. AC:4318
WARNING: [AC] There are 1228 rows with dose = "3o Reforço", with a total of 1285 vaccination records. AC:1285
WARNING: [AC] There are 831 rows with dose = "4a Dose Revacinação", with a total of 845 vaccination records. AC:845
WARNING: [AC] There are 592 rows with dose = "3a Dose Revacinação", with a total of 601 vaccination records. AC:601
WARNING: [AC] There are 834 rows with dose = "2a Dose Revacinação", with a total of 860 vaccination records. AC:860
WARNING: [AC] There are 574 rows with dose = "3a Dose", with a total of 637 vaccination records. AC:637
WARNING: [AC] There are 1214 rows with dose = "1o Reforço", with a total of 1323 vaccination records. AC:1323
WARNING: [AC] There are 4 rows with dose = "5a Dose Revacinação", with a total of 4 vaccination records. AC:4
WARNING: [AC] There are 30 rows with dose = "Única", with a total of 32 vaccination records. AC:32
WARNING: [AL] There are 705866 rows with dose = "1a Dose", with a total of 2658734 vaccination records. AL:2658734
WARNING: [AL] There are 817111 rows with dose = "2a Dose", with a total of 2317644 vaccination records. AL:2317644
WARNING: [AL] There are 651310 rows with dose = "Reforço", with a total of 1370030 vaccination records. AL:1370030
WARNING: [AL] There are 224841 rows with dose = "2o Reforço", with a total of 446164 vaccination records. AL:446164
WARNING: [AL] There are 2661 rows with dose = "3o Reforço", with a total of 2950 vaccination records. AL:2950
WARNING: [AL] There are 10059 rows with dose = "Dose Adicional", with a total of 11772 vaccination records. AL:11772
WARNING: [AL] There are 13768 rows with dose = "Dose", with a total of 56046 vaccination records. AL:56046
WARNING: [AL] There are 8025 rows with dose = "1o Reforço", with a total of 10673 vaccination records. AL:10673
WARNING: [AL] There are 766 rows with dose = "4a Dose Revacinação", with a total of 789 vaccination records. AL:789
WARNING: [AL] There are 462 rows with dose = "3a Dose Revacinação", with a total of 500 vaccination records. AL:500
WARNING: [AL] There are 505 rows with dose = "2a Dose Revacinação", with a total of 571 vaccination records. AL:571
WARNING: [AL] There are 531 rows with dose = "1a Dose Revacinação", with a total of 605 vaccination records. AL:605
WARNING: [AL] There are 2086 rows with dose = "3a Dose", with a total of 2782 vaccination records. AL:2782
WARNING: [AL] There are 351 rows with dose = "Revacinação", with a total of 376 vaccination records. AL:376
WARNING: [AL] There are 2 rows with dose = "Dose Inicial", with a total of 2 vaccination records. AL:2
WARNING: [AL] There are 2 rows with dose = "5a Dose Revacinação", with a total of 2 vaccination records. AL:2
WARNING: [AL] There are 46 rows with dose = "Única", with a total of 53 vaccination records. AL:53
WARNING: [AM] There are 692785 rows with dose = "1a Dose", with a total of 3353978 vaccination records. AM:3353978
WARNING: [AM] There are 499321 rows with dose = "Reforço", with a total of 886336 vaccination records. AM:886336
WARNING: [AM] There are 753843 rows with dose = "2a Dose", with a total of 2853558 vaccination records. AM:2853558
WARNING: [AM] There are 23399 rows with dose = "Dose", with a total of 32641 vaccination records. AM:32641
WARNING: [AM] There are 16328 rows with dose = "Dose Adicional", with a total of 22161 vaccination records. AM:22161
WARNING: [AM] There are 225343 rows with dose = "2o Reforço", with a total of 277085 vaccination records. AM:277085
WARNING: [AM] There are 15269 rows with dose = "1o Reforço", with a total of 41043 vaccination records. AM:41043
WARNING: [AM] There are 2116 rows with dose = "2a Dose Revacinação", with a total of 2209 vaccination records. AM:2209
WARNING: [AM] There are 90908 rows with dose = "3a Dose", with a total of 885017 vaccination records. AM:885017
WARNING: [AM] There are 3267 rows with dose = "1a Dose Revacinação", with a total of 4579 vaccination records. AM:4579
WARNING: [AM] There are 1462 rows with dose = "Revacinação", with a total of 1676 vaccination records. AM:1676
WARNING: [AM] There are 2550 rows with dose = "3o Reforço", with a total of 2715 vaccination records. AM:2715
WARNING: [AM] There are 1755 rows with dose = "3a Dose Revacinação", with a total of 2025 vaccination records. AM:2025
WARNING: [AM] There are 65179 rows with dose = "4a Dose", with a total of 467009 vaccination records. AM:467009
WARNING: [AM] There are 1749 rows with dose = "5a Dose", with a total of 1878 vaccination records. AM:1878
WARNING: [AM] There are 3 rows with dose = "Dose Inicial", with a total of 3 vaccination records. AM:3
WARNING: [AM] There are 1243 rows with dose = "Única", with a total of 26267 vaccination records. AM:26267
WARNING: [AM] There are 1 rows with dose = "1a Dose Fracionada", with a total of 1 vaccination records. AM:1
WARNING: [AM] There are 2383 rows with dose = "4a Dose Revacinação", with a total of 2590 vaccination records. AM:2590
WARNING: [AM] There are 6 rows with dose = "2a Dose Fracionada", with a total of 6 vaccination records. AM:6
WARNING: [AM] There are 8 rows with dose = "5a Dose Revacinação", with a total of 8 vaccination records. AM:8
WARNING: [AP] There are 171508 rows with dose = "1a Dose", with a total of 625292 vaccination records. AP:625292
WARNING: [AP] There are 188511 rows with dose = "2a Dose", with a total of 509493 vaccination records. AP:509493
WARNING: [AP] There are 136742 rows with dose = "Reforço", with a total of 273580 vaccination records. AP:273580
WARNING: [AP] There are 43661 rows with dose = "2o Reforço", with a total of 73233 vaccination records. AP:73233
WARNING: [AP] There are 855 rows with dose = "3o Reforço", with a total of 892 vaccination records. AP:892
WARNING: [AP] There are 14127 rows with dose = "Dose Adicional", with a total of 26599 vaccination records. AP:26599
WARNING: [AP] There are 3173 rows with dose = "Dose", with a total of 11473 vaccination records. AP:11473
WARNING: [AP] There are 3763 rows with dose = "1o Reforço", with a total of 4680 vaccination records. AP:4680
WARNING: [AP] There are 990 rows with dose = "1a Dose Revacinação", with a total of 1031 vaccination records. AP:1031
WARNING: [AP] There are 502 rows with dose = "3a Dose", with a total of 543 vaccination records. AP:543
WARNING: [AP] There are 777 rows with dose = "Revacinação", with a total of 891 vaccination records. AP:891
WARNING: [AP] There are 626 rows with dose = "2a Dose Revacinação", with a total of 637 vaccination records. AP:637
WARNING: [AP] There are 258 rows with dose = "3a Dose Revacinação", with a total of 264 vaccination records. AP:264
WARNING: [AP] There are 197 rows with dose = "4a Dose Revacinação", with a total of 201 vaccination records. AP:201
WARNING: [AP] There are 2 rows with dose = "5a Dose Revacinação", with a total of 2 vaccination records. AP:2
WARNING: [AP] There are 16 rows with dose = "Única", with a total of 17 vaccination records. AP:17
WARNING: [BA] There are 3307467 rows with dose = "Reforço", with a total of 7845601 vaccination records. BA:7845601
WARNING: [BA] There are 3665517 rows with dose = "2a Dose", with a total of 11222604 vaccination records. BA:11222604
WARNING: [BA] There are 3100151 rows with dose = "1a Dose", with a total of 12691101 vaccination records. BA:12691101
WARNING: [BA] There are 318605 rows with dose = "Dose Adicional", with a total of 461307 vaccination records. BA:461307
WARNING: [BA] There are 1611025 rows with dose = "2o Reforço", with a total of 3392677 vaccination records. BA:3392677
WARNING: [BA] There are 33633 rows with dose = "3a Dose", with a total of 100107 vaccination records. BA:100107
WARNING: [BA] There are 65496 rows with dose = "Dose", with a total of 287658 vaccination records. BA:287658
WARNING: [BA] There are 23319 rows with dose = "1o Reforço", with a total of 28645 vaccination records. BA:28645
WARNING: [BA] There are 46782 rows with dose = "3o Reforço", with a total of 57056 vaccination records. BA:57056
WARNING: [BA] There are 12853 rows with dose = "Revacinação", with a total of 15275 vaccination records. BA:15275
WARNING: [BA] There are 34378 rows with dose = "4a Dose Revacinação", with a total of 38779 vaccination records. BA:38779
WARNING: [BA] There are 20483 rows with dose = "3a Dose Revacinação", with a total of 23092 vaccination records. BA:23092
WARNING: [BA] There are 17773 rows with dose = "1a Dose Revacinação", with a total of 20360 vaccination records. BA:20360
WARNING: [BA] There are 26618 rows with dose = "2a Dose Revacinação", with a total of 30426 vaccination records. BA:30426
WARNING: [BA] There are 706 rows with dose = "5a Dose Revacinação", with a total of 723 vaccination records. BA:723
WARNING: [BA] There are 68 rows with dose = "Dose Inicial", with a total of 70 vaccination records. BA:70
WARNING: [BA] There are 22 rows with dose = "4a Dose", with a total of 22 vaccination records. BA:22
WARNING: [BA] There are 1282 rows with dose = "Única", with a total of 1780 vaccination records. BA:1780
WARNING: [BA] There are 4 rows with dose = "2a Dose Fracionada", with a total of 4 vaccination records. BA:4
WARNING: [BA] There are 2 rows with dose = "Tratamento com duas doses", with a total of 2 vaccination records. BA:2
WARNING: [BA] There are 1 rows with dose = "1a Dose Fracionada", with a total of 1 vaccination records. BA:1
WARNING: [BA] There are 11 rows with dose = "5a Dose", with a total of 11 vaccination records. BA:11
WARNING: [CE] There are 1703841 rows with dose = "Reforço", with a total of 4982783 vaccination records. CE:4982783
WARNING: [CE] There are 1900110 rows with dose = "2a Dose", with a total of 6918258 vaccination records. CE:6918258
WARNING: [CE] There are 1697664 rows with dose = "1a Dose", with a total of 8004067 vaccination records. CE:8004067
WARNING: [CE] There are 124405 rows with dose = "Dose Adicional", with a total of 234486 vaccination records. CE:234486
WARNING: [CE] There are 32145 rows with dose = "Única", with a total of 134930 vaccination records. CE:134930
WARNING: [CE] There are 941413 rows with dose = "2o Reforço", with a total of 2178777 vaccination records. CE:2178777
WARNING: [CE] There are 10185 rows with dose = "Dose", with a total of 25180 vaccination records. CE:25180
WARNING: [CE] There are 54750 rows with dose = "1o Reforço", with a total of 226739 vaccination records. CE:226739
WARNING: [CE] There are 13381 rows with dose = "3a Dose", with a total of 24402 vaccination records. CE:24402
WARNING: [CE] There are 31206 rows with dose = "3o Reforço", with a total of 111715 vaccination records. CE:111715
WARNING: [CE] There are 4121 rows with dose = "Revacinação", with a total of 5836 vaccination records. CE:5836
WARNING: [CE] There are 8798 rows with dose = "2a Dose Revacinação", with a total of 10400 vaccination records. CE:10400
WARNING: [CE] There are 5312 rows with dose = "1a Dose Revacinação", with a total of 7084 vaccination records. CE:7084
WARNING: [CE] There are 8463 rows with dose = "4a Dose Revacinação", with a total of 10286 vaccination records. CE:10286
WARNING: [CE] There are 3905 rows with dose = "3a Dose Revacinação", with a total of 4809 vaccination records. CE:4809
WARNING: [CE] There are 14 rows with dose = "5a Dose Revacinação", with a total of 14 vaccination records. CE:14
WARNING: [CE] There are 98 rows with dose = "4a Dose", with a total of 111 vaccination records. CE:111
WARNING: [CE] There are 2960 rows with dose = "5a Dose", with a total of 4293 vaccination records. CE:4293
WARNING: [CE] There are 7 rows with dose = "Dose Inicial", with a total of 7 vaccination records. CE:7
WARNING: [CE] There are 2 rows with dose = "1a Dose Fracionada", with a total of 2 vaccination records. CE:2
WARNING: [CE] There are 1 rows with dose = "3a Dose Fracionada", with a total of 1 vaccination records. CE:1
WARNING: [CE] There are 1 rows with dose = "4a Dose Fracionada", with a total of 1 vaccination records. CE:1
WARNING: [CE] There are 1 rows with dose = "2a Dose Fracionada", with a total of 1 vaccination records. CE:1
WARNING: [DF] There are 125436 rows with dose = "Reforço", with a total of 1655694 vaccination records. DF:1655694
WARNING: [DF] There are 98257 rows with dose = "1a Dose", with a total of 2568299 vaccination records. DF:2568299
WARNING: [DF] There are 130228 rows with dose = "2a Dose", with a total of 2395404 vaccination records. DF:2395404
WARNING: [DF] There are 28361 rows with dose = "Dose Adicional", with a total of 64069 vaccination records. DF:64069
WARNING: [DF] There are 9503 rows with dose = "Dose", with a total of 65924 vaccination records. DF:65924
WARNING: [DF] There are 2704 rows with dose = "1a Dose Revacinação", with a total of 3228 vaccination records. DF:3228
WARNING: [DF] There are 67295 rows with dose = "2o Reforço", with a total of 645802 vaccination records. DF:645802
WARNING: [DF] There are 1073 rows with dose = "Revacinação", with a total of 1172 vaccination records. DF:1172
WARNING: [DF] There are 1157 rows with dose = "3a Dose Revacinação", with a total of 1326 vaccination records. DF:1326
WARNING: [DF] There are 4244 rows with dose = "3o Reforço", with a total of 7137 vaccination records. DF:7137
WARNING: [DF] There are 1842 rows with dose = "3a Dose", with a total of 4030 vaccination records. DF:4030
WARNING: [DF] There are 4402 rows with dose = "1o Reforço", with a total of 15224 vaccination records. DF:15224
WARNING: [DF] There are 2440 rows with dose = "2a Dose Revacinação", with a total of 2780 vaccination records. DF:2780
WARNING: [DF] There are 1151 rows with dose = "4a Dose Revacinação", with a total of 1285 vaccination records. DF:1285
WARNING: [DF] There are 3 rows with dose = "2a Dose Fracionada", with a total of 3 vaccination records. DF:3
WARNING: [DF] There are 5 rows with dose = "5a Dose Revacinação", with a total of 5 vaccination records. DF:5
WARNING: [DF] There are 499 rows with dose = "Única", with a total of 557 vaccination records. DF:557
WARNING: [DF] There are 1 rows with dose = "1a Dose Fracionada", with a total of 1 vaccination records. DF:1
WARNING: [DF] There are 12 rows with dose = "4a Dose", with a total of 13 vaccination records. DF:13
WARNING: [DF] There are 2 rows with dose = "Dose Inicial", with a total of 2 vaccination records. DF:2
WARNING: [DF] There are 1 rows with dose = "4a Dose Fracionada", with a total of 1 vaccination records. DF:1
WARNING: [DF] There are 3 rows with dose = "5a Dose", with a total of 3 vaccination records. DF:3
WARNING: [ES] There are 928940 rows with dose = "2a Dose", with a total of 3105415 vaccination records. ES:3105415
WARNING: [ES] There are 731439 rows with dose = "1a Dose", with a total of 3484384 vaccination records. ES:3484384
WARNING: [ES] There are 861520 rows with dose = "Reforço", with a total of 2091064 vaccination records. ES:2091064
WARNING: [ES] There are 473735 rows with dose = "2o Reforço", with a total of 974186 vaccination records. ES:974186
WARNING: [ES] There are 20726 rows with dose = "3o Reforço", with a total of 24292 vaccination records. ES:24292
WARNING: [ES] There are 97025 rows with dose = "4a Dose", with a total of 248575 vaccination records. ES:248575
WARNING: [ES] There are 55420 rows with dose = "Dose Adicional", with a total of 88668 vaccination records. ES:88668
WARNING: [ES] There are 17299 rows with dose = "1o Reforço", with a total of 23027 vaccination records. ES:23027
WARNING: [ES] There are 2782 rows with dose = "3a Dose", with a total of 3143 vaccination records. ES:3143
WARNING: [ES] There are 9293 rows with dose = "Única", with a total of 22327 vaccination records. ES:22327
WARNING: [ES] There are 8905 rows with dose = "Dose", with a total of 90077 vaccination records. ES:90077
WARNING: [ES] There are 19 rows with dose = "2a Dose Revacinação", with a total of 19 vaccination records. ES:19
WARNING: [ES] There are 19 rows with dose = "1a Dose Revacinação", with a total of 19 vaccination records. ES:19
WARNING: [ES] There are 5 rows with dose = "3a Dose Revacinação", with a total of 5 vaccination records. ES:5
WARNING: [ES] There are 3 rows with dose = "Revacinação", with a total of 3 vaccination records. ES:3
WARNING: [ES] There are 2 rows with dose = "5a Dose", with a total of 2 vaccination records. ES:2
WARNING: [ES] There are 3 rows with dose = "4a Dose Revacinação", with a total of 3 vaccination records. ES:3
WARNING: [GO] There are 1464722 rows with dose = "2a Dose", with a total of 5214017 vaccination records. GO:5214017
WARNING: [GO] There are 1212825 rows with dose = "1a Dose", with a total of 5955600 vaccination records. GO:5955600
WARNING: [GO] There are 129197 rows with dose = "Dose Adicional", with a total of 207526 vaccination records. GO:207526
WARNING: [GO] There are 1265100 rows with dose = "Reforço", with a total of 3071789 vaccination records. GO:3071789
WARNING: [GO] There are 28757 rows with dose = "Dose", with a total of 165928 vaccination records. GO:165928
WARNING: [GO] There are 548242 rows with dose = "2o Reforço", with a total of 1103733 vaccination records. GO:1103733
WARNING: [GO] There are 14521 rows with dose = "3o Reforço", with a total of 17333 vaccination records. GO:17333
WARNING: [GO] There are 5521 rows with dose = "1a Dose Revacinação", with a total of 5940 vaccination records. GO:5940
WARNING: [GO] There are 6133 rows with dose = "4a Dose Revacinação", with a total of 6609 vaccination records. GO:6609
WARNING: [GO] There are 3767 rows with dose = "3a Dose Revacinação", with a total of 3990 vaccination records. GO:3990
WARNING: [GO] There are 5278 rows with dose = "2a Dose Revacinação", with a total of 6255 vaccination records. GO:6255
WARNING: [GO] There are 6520 rows with dose = "3a Dose", with a total of 8106 vaccination records. GO:8106
WARNING: [GO] There are 3653 rows with dose = "Revacinação", with a total of 3982 vaccination records. GO:3982
WARNING: [GO] There are 8913 rows with dose = "1o Reforço", with a total of 11146 vaccination records. GO:11146
WARNING: [GO] There are 43 rows with dose = "5a Dose Revacinação", with a total of 43 vaccination records. GO:43
WARNING: [GO] There are 1 rows with dose = "2a Dose Fracionada", with a total of 1 vaccination records. GO:1
WARNING: [GO] There are 5 rows with dose = "5a Dose", with a total of 5 vaccination records. GO:5
WARNING: [GO] There are 5 rows with dose = "Dose Inicial", with a total of 6 vaccination records. GO:6
WARNING: [GO] There are 1 rows with dose = "1a Dose Fracionada", with a total of 1 vaccination records. GO:1
WARNING: [GO] There are 161 rows with dose = "Única", with a total of 162 vaccination records. GO:162
WARNING: [MA] There are 1827458 rows with dose = "2a Dose", with a total of 4426604 vaccination records. MA:4426604
WARNING: [MA] There are 1343793 rows with dose = "Reforço", with a total of 2397371 vaccination records. MA:2397371
WARNING: [MA] There are 1712177 rows with dose = "1a Dose", with a total of 5284169 vaccination records. MA:5284169
WARNING: [MA] There are 108616 rows with dose = "Dose Adicional", with a total of 146522 vaccination records. MA:146522
WARNING: [MA] There are 550834 rows with dose = "2o Reforço", with a total of 839557 vaccination records. MA:839557
WARNING: [MA] There are 29920 rows with dose = "3o Reforço", with a total of 53321 vaccination records. MA:53321
WARNING: [MA] There are 41093 rows with dose = "Dose", with a total of 125844 vaccination records. MA:125844
WARNING: [MA] There are 7401 rows with dose = "4a Dose Revacinação", with a total of 8292 vaccination records. MA:8292
WARNING: [MA] There are 3411 rows with dose = "2a Dose Revacinação", with a total of 3572 vaccination records. MA:3572
WARNING: [MA] There are 6095 rows with dose = "3a Dose Revacinação", with a total of 6773 vaccination records. MA:6773
WARNING: [MA] There are 8492 rows with dose = "3a Dose", with a total of 10304 vaccination records. MA:10304
WARNING: [MA] There are 2536 rows with dose = "Revacinação", with a total of 2673 vaccination records. MA:2673
WARNING: [MA] There are 3610 rows with dose = "1a Dose Revacinação", with a total of 3789 vaccination records. MA:3789
WARNING: [MA] There are 12136 rows with dose = "1o Reforço", with a total of 14572 vaccination records. MA:14572
WARNING: [MA] There are 2369 rows with dose = "5a Dose Revacinação", with a total of 2715 vaccination records. MA:2715
WARNING: [MA] There are 11 rows with dose = "4a Dose", with a total of 11 vaccination records. MA:11
WARNING: [MA] There are 4 rows with dose = "5a Dose", with a total of 4 vaccination records. MA:4
WARNING: [MA] There are 2 rows with dose = "Dose Inicial", with a total of 2 vaccination records. MA:2
WARNING: [MA] There are 196 rows with dose = "Única", with a total of 205 vaccination records. MA:205
WARNING: [MG] There are 2102743 rows with dose = "2o Reforço", with a total of 4272697 vaccination records. MG:4272697
WARNING: [MG] There are 4701930 rows with dose = "Reforço", with a total of 12081566 vaccination records. MG:12081566
WARNING: [MG] There are 3825711 rows with dose = "1a Dose", with a total of 18406459 vaccination records. MG:18406459
WARNING: [MG] There are 23506 rows with dose = "1o Reforço", with a total of 32498 vaccination records. MG:32498
WARNING: [MG] There are 4770374 rows with dose = "2a Dose", with a total of 16907805 vaccination records. MG:16907805
WARNING: [MG] There are 17978 rows with dose = "3a Dose", with a total of 25826 vaccination records. MG:25826
WARNING: [MG] There are 10530 rows with dose = "Revacinação", with a total of 12512 vaccination records. MG:12512
WARNING: [MG] There are 29426 rows with dose = "2a Dose Revacinação", with a total of 31926 vaccination records. MG:31926
WARNING: [MG] There are 17337 rows with dose = "3a Dose Revacinação", with a total of 20354 vaccination records. MG:20354
WARNING: [MG] There are 26512 rows with dose = "1a Dose Revacinação", with a total of 30042 vaccination records. MG:30042
WARNING: [MG] There are 24215 rows with dose = "4a Dose Revacinação", with a total of 28082 vaccination records. MG:28082
WARNING: [MG] There are 52897 rows with dose = "3o Reforço", with a total of 60580 vaccination records. MG:60580
WARNING: [MG] There are 512021 rows with dose = "Dose Adicional", with a total of 923921 vaccination records. MG:923921
WARNING: [MG] There are 117205 rows with dose = "Dose", with a total of 489903 vaccination records. MG:489903
WARNING: [MG] There are 174 rows with dose = "5a Dose Revacinação", with a total of 177 vaccination records. MG:177
WARNING: [MG] There are 48 rows with dose = "Dose Inicial", with a total of 52 vaccination records. MG:52
WARNING: [MG] There are 4 rows with dose = "1a Dose Fracionada", with a total of 4 vaccination records. MG:4
WARNING: [MG] There are 5 rows with dose = "2a Dose Fracionada", with a total of 5 vaccination records. MG:5
WARNING: [MG] There are 101 rows with dose = "4a Dose", with a total of 103 vaccination records. MG:103
WARNING: [MG] There are 6012 rows with dose = "Única", with a total of 35928 vaccination records. MG:35928
WARNING: [MG] There are 1 rows with dose = "Tratamento com dezessete doses", with a total of 1 vaccination records. MG:1
WARNING: [MG] There are 9 rows with dose = "5a Dose", with a total of 9 vaccination records. MG:9
WARNING: [MS] There are 559072 rows with dose = "1a Dose", with a total of 2299867 vaccination records. MS:2299867
WARNING: [MS] There are 698238 rows with dose = "2a Dose", with a total of 2037678 vaccination records. MS:2037678
WARNING: [MS] There are 515729 rows with dose = "Reforço", with a total of 938877 vaccination records. MS:938877
WARNING: [MS] There are 5544 rows with dose = "3o Reforço", with a total of 5981 vaccination records. MS:5981
WARNING: [MS] There are 48587 rows with dose = "Dose Adicional", with a total of 66971 vaccination records. MS:66971
WARNING: [MS] There are 2641 rows with dose = "1a Dose Revacinação", with a total of 2783 vaccination records. MS:2783
WARNING: [MS] There are 31951 rows with dose = "Dose", with a total of 187910 vaccination records. MS:187910
WARNING: [MS] There are 168071 rows with dose = "2o Reforço", with a total of 214012 vaccination records. MS:214012
WARNING: [MS] There are 2026 rows with dose = "4a Dose Revacinação", with a total of 2142 vaccination records. MS:2142
WARNING: [MS] There are 1766 rows with dose = "3a Dose Revacinação", with a total of 1867 vaccination records. MS:1867
WARNING: [MS] There are 1721 rows with dose = "2a Dose Revacinação", with a total of 1852 vaccination records. MS:1852
WARNING: [MS] There are 2898 rows with dose = "1o Reforço", with a total of 3247 vaccination records. MS:3247
WARNING: [MS] There are 92288 rows with dose = "3a Dose", with a total of 447372 vaccination records. MS:447372
WARNING: [MS] There are 1187 rows with dose = "Revacinação", with a total of 1242 vaccination records. MS:1242
WARNING: [MS] There are 8 rows with dose = "5a Dose Revacinação", with a total of 8 vaccination records. MS:8
WARNING: [MS] There are 49432 rows with dose = "4a Dose", with a total of 167890 vaccination records. MS:167890
WARNING: [MS] There are 319 rows with dose = "5a Dose", with a total of 573 vaccination records. MS:573
WARNING: [MS] There are 47 rows with dose = "Única", with a total of 47 vaccination records. MS:47
WARNING: [MS] There are 2 rows with dose = "1a Dose Fracionada", with a total of 2 vaccination records. MS:2
WARNING: [MS] There are 2 rows with dose = "2a Dose Fracionada", with a total of 2 vaccination records. MS:2
WARNING: [MT] There are 909302 rows with dose = "2a Dose", with a total of 2455368 vaccination records. MT:2455368
WARNING: [MT] There are 791977 rows with dose = "1a Dose", with a total of 2859056 vaccination records. MT:2859056
WARNING: [MT] There are 32953 rows with dose = "Dose", with a total of 101456 vaccination records. MT:101456
WARNING: [MT] There are 238679 rows with dose = "2o Reforço", with a total of 359809 vaccination records. MT:359809
WARNING: [MT] There are 689184 rows with dose = "Reforço", with a total of 1205494 vaccination records. MT:1205494
WARNING: [MT] There are 81414 rows with dose = "Dose Adicional", with a total of 108990 vaccination records. MT:108990
WARNING: [MT] There are 9875 rows with dose = "3o Reforço", with a total of 10832 vaccination records. MT:10832
WARNING: [MT] There are 6122 rows with dose = "1a Dose Revacinação", with a total of 6576 vaccination records. MT:6576
WARNING: [MT] There are 3609 rows with dose = "1o Reforço", with a total of 3956 vaccination records. MT:3956
WARNING: [MT] There are 6634 rows with dose = "4a Dose Revacinação", with a total of 7099 vaccination records. MT:7099
WARNING: [MT] There are 4755 rows with dose = "3a Dose Revacinação", with a total of 4956 vaccination records. MT:4956
WARNING: [MT] There are 7227 rows with dose = "3a Dose", with a total of 8575 vaccination records. MT:8575
WARNING: [MT] There are 1941 rows with dose = "Revacinação", with a total of 1980 vaccination records. MT:1980
WARNING: [MT] There are 5446 rows with dose = "2a Dose Revacinação", with a total of 5664 vaccination records. MT:5664
WARNING: [MT] There are 5 rows with dose = "Dose Inicial", with a total of 5 vaccination records. MT:5
WARNING: [MT] There are 139 rows with dose = "5a Dose Revacinação", with a total of 145 vaccination records. MT:145
WARNING: [MT] There are 461 rows with dose = "Única", with a total of 3168 vaccination records. MT:3168
WARNING: [MT] There are 1004 rows with dose = "4a Dose", with a total of 1093 vaccination records. MT:1093
WARNING: [MT] There are 7 rows with dose = "5a Dose", with a total of 7 vaccination records. MT:7
WARNING: [PA] There are 1756067 rows with dose = "2a Dose", with a total of 5373330 vaccination records. PA:5373330
WARNING: [PA] There are 1262569 rows with dose = "Reforço", with a total of 2658464 vaccination records. PA:2658464
WARNING: [PA] There are 1662490 rows with dose = "1a Dose", with a total of 6433269 vaccination records. PA:6433269
WARNING: [PA] There are 152296 rows with dose = "Dose Adicional", with a total of 230018 vaccination records. PA:230018
WARNING: [PA] There are 58625 rows with dose = "Dose", with a total of 149029 vaccination records. PA:149029
WARNING: [PA] There are 467331 rows with dose = "2o Reforço", with a total of 771755 vaccination records. PA:771755
WARNING: [PA] There are 26441 rows with dose = "3o Reforço", with a total of 55911 vaccination records. PA:55911
WARNING: [PA] There are 9464 rows with dose = "4a Dose Revacinação", with a total of 10411 vaccination records. PA:10411
WARNING: [PA] There are 7303 rows with dose = "2a Dose Revacinação", with a total of 8413 vaccination records. PA:8413
WARNING: [PA] There are 17849 rows with dose = "1o Reforço", with a total of 22682 vaccination records. PA:22682
WARNING: [PA] There are 4356 rows with dose = "Revacinação", with a total of 4681 vaccination records. PA:4681
WARNING: [PA] There are 7061 rows with dose = "3a Dose", with a total of 8524 vaccination records. PA:8524
WARNING: [PA] There are 3 rows with dose = "2a Dose Fracionada", with a total of 3 vaccination records. PA:3
WARNING: [PA] There are 8261 rows with dose = "3a Dose Revacinação", with a total of 9362 vaccination records. PA:9362
WARNING: [PA] There are 672 rows with dose = "5a Dose Revacinação", with a total of 726 vaccination records. PA:726
WARNING: [PA] There are 8384 rows with dose = "1a Dose Revacinação", with a total of 8978 vaccination records. PA:8978
WARNING: [PA] There are 5 rows with dose = "Dose Inicial", with a total of 5 vaccination records. PA:5
WARNING: [PA] There are 1 rows with dose = "Tratamento com uma dose", with a total of 1 vaccination records. PA:1
WARNING: [PA] There are 737 rows with dose = "4a Dose", with a total of 869 vaccination records. PA:869
WARNING: [PA] There are 7 rows with dose = "5a Dose", with a total of 7 vaccination records. PA:7
WARNING: [PA] There are 198 rows with dose = "Única", with a total of 211 vaccination records. PA:211
WARNING: [PB] There are 1053050 rows with dose = "Reforço", with a total of 2249116 vaccination records. PB:2249116
WARNING: [PB] There are 903447 rows with dose = "1a Dose", with a total of 3573937 vaccination records. PB:3573937
WARNING: [PB] There are 1078646 rows with dose = "2a Dose", with a total of 3251450 vaccination records. PB:3251450
WARNING: [PB] There are 484991 rows with dose = "2o Reforço", with a total of 728073 vaccination records. PB:728073
WARNING: [PB] There are 6531 rows with dose = "3a Dose", with a total of 9079 vaccination records. PB:9079
WARNING: [PB] There are 3471 rows with dose = "4a Dose Revacinação", with a total of 3766 vaccination records. PB:3766
WARNING: [PB] There are 6138 rows with dose = "2a Dose Revacinação", with a total of 6878 vaccination records. PB:6878
WARNING: [PB] There are 2351 rows with dose = "3a Dose Revacinação", with a total of 2842 vaccination records. PB:2842
WARNING: [PB] There are 18502 rows with dose = "Dose", with a total of 47221 vaccination records. PB:47221
WARNING: [PB] There are 4189 rows with dose = "3o Reforço", with a total of 4497 vaccination records. PB:4497
WARNING: [PB] There are 42466 rows with dose = "Dose Adicional", with a total of 59496 vaccination records. PB:59496
WARNING: [PB] There are 16163 rows with dose = "1o Reforço", with a total of 24618 vaccination records. PB:24618
WARNING: [PB] There are 4864 rows with dose = "1a Dose Revacinação", with a total of 6874 vaccination records. PB:6874
WARNING: [PB] There are 1290 rows with dose = "Revacinação", with a total of 1534 vaccination records. PB:1534
WARNING: [PB] There are 13 rows with dose = "5a Dose Revacinação", with a total of 13 vaccination records. PB:13
WARNING: [PB] There are 3 rows with dose = "2a Dose Fracionada", with a total of 3 vaccination records. PB:3
WARNING: [PB] There are 3 rows with dose = "1a Dose Fracionada", with a total of 3 vaccination records. PB:3
WARNING: [PB] There are 85 rows with dose = "4a Dose", with a total of 85 vaccination records. PB:85
WARNING: [PB] There are 498 rows with dose = "Dose Inicial", with a total of 1062 vaccination records. PB:1062
WARNING: [PB] There are 279 rows with dose = "Única", with a total of 336 vaccination records. PB:336
WARNING: [PB] There are 37 rows with dose = "5a Dose", with a total of 38 vaccination records. PB:38
WARNING: [PE] There are 2364059 rows with dose = "2a Dose", with a total of 7436001 vaccination records. PE:7436001
WARNING: [PE] There are 1975829 rows with dose = "1a Dose", with a total of 8400222 vaccination records. PE:8400222
WARNING: [PE] There are 850882 rows with dose = "2o Reforço", with a total of 1647434 vaccination records. PE:1647434
WARNING: [PE] There are 2069190 rows with dose = "Reforço", with a total of 4767012 vaccination records. PE:4767012
WARNING: [PE] There are 102850 rows with dose = "Dose Adicional", with a total of 141713 vaccination records. PE:141713
WARNING: [PE] There are 43981 rows with dose = "Dose", with a total of 142240 vaccination records. PE:142240
WARNING: [PE] There are 56864 rows with dose = "3o Reforço", with a total of 283406 vaccination records. PE:283406
WARNING: [PE] There are 10311 rows with dose = "1a Dose Revacinação", with a total of 12430 vaccination records. PE:12430
WARNING: [PE] There are 6576 rows with dose = "3a Dose Revacinação", with a total of 7564 vaccination records. PE:7564
WARNING: [PE] There are 6875 rows with dose = "4a Dose Revacinação", with a total of 7498 vaccination records. PE:7498
WARNING: [PE] There are 761 rows with dose = "5a Dose Revacinação", with a total of 863 vaccination records. PE:863
WARNING: [PE] There are 29584 rows with dose = "3a Dose", with a total of 228819 vaccination records. PE:228819
WARNING: [PE] There are 8810 rows with dose = "2a Dose Revacinação", with a total of 9547 vaccination records. PE:9547
WARNING: [PE] There are 2484 rows with dose = "Revacinação", with a total of 2717 vaccination records. PE:2717
WARNING: [PE] There are 18472 rows with dose = "1o Reforço", with a total of 26350 vaccination records. PE:26350
WARNING: [PE] There are 11 rows with dose = "4a Dose", with a total of 11 vaccination records. PE:11
WARNING: [PE] There are 8050 rows with dose = "4o Reforço", with a total of 115463 vaccination records. PE:115463
WARNING: [PE] There are 3 rows with dose = "2a Dose Fracionada", with a total of 3 vaccination records. PE:3
WARNING: [PE] There are 10 rows with dose = "Dose Inicial", with a total of 10 vaccination records. PE:10
WARNING: [PE] There are 4 rows with dose = "1a Dose Fracionada", with a total of 4 vaccination records. PE:4
WARNING: [PE] There are 15 rows with dose = "5a Dose", with a total of 15 vaccination records. PE:15
WARNING: [PE] There are 268 rows with dose = "Única", with a total of 283 vaccination records. PE:283
WARNING: [PI] There are 877747 rows with dose = "Reforço", with a total of 2141669 vaccination records. PI:2141669
WARNING: [PI] There are 770710 rows with dose = "1a Dose", with a total of 3032548 vaccination records. PI:3032548
WARNING: [PI] There are 864702 rows with dose = "2a Dose", with a total of 2770670 vaccination records. PI:2770670
WARNING: [PI] There are 7344 rows with dose = "1o Reforço", with a total of 14273 vaccination records. PI:14273
WARNING: [PI] There are 532121 rows with dose = "2o Reforço", with a total of 1053654 vaccination records. PI:1053654
WARNING: [PI] There are 29006 rows with dose = "Dose Adicional", with a total of 40474 vaccination records. PI:40474
WARNING: [PI] There are 5246 rows with dose = "3o Reforço", with a total of 6128 vaccination records. PI:6128
WARNING: [PI] There are 21367 rows with dose = "Dose", with a total of 56657 vaccination records. PI:56657
WARNING: [PI] There are 749 rows with dose = "Revacinação", with a total of 919 vaccination records. PI:919
WARNING: [PI] There are 3030 rows with dose = "3a Dose", with a total of 6467 vaccination records. PI:6467
WARNING: [PI] There are 2 rows with dose = "2a Dose Fracionada", with a total of 2 vaccination records. PI:2
WARNING: [PI] There are 2478 rows with dose = "1a Dose Revacinação", with a total of 3112 vaccination records. PI:3112
WARNING: [PI] There are 3581 rows with dose = "2a Dose Revacinação", with a total of 4127 vaccination records. PI:4127
WARNING: [PI] There are 798 rows with dose = "3a Dose Revacinação", with a total of 912 vaccination records. PI:912
WARNING: [PI] There are 2212 rows with dose = "4a Dose Revacinação", with a total of 2505 vaccination records. PI:2505
WARNING: [PI] There are 3 rows with dose = "5a Dose Revacinação", with a total of 3 vaccination records. PI:3
WARNING: [PI] There are 12 rows with dose = "Dose Inicial", with a total of 12 vaccination records. PI:12
WARNING: [PI] There are 7 rows with dose = "4a Dose", with a total of 7 vaccination records. PI:7
WARNING: [PI] There are 1 rows with dose = "1a Dose Fracionada", with a total of 1 vaccination records. PI:1
WARNING: [PI] There are 241 rows with dose = "Única", with a total of 270 vaccination records. PI:270
WARNING: [PR] There are 1832816 rows with dose = "1a Dose", with a total of 10317923 vaccination records. PR:10317923
WARNING: [PR] There are 2357178 rows with dose = "2a Dose", with a total of 9527186 vaccination records. PR:9527186
WARNING: [PR] There are 2313088 rows with dose = "Reforço", with a total of 7133751 vaccination records. PR:7133751
WARNING: [PR] There are 238456 rows with dose = "Dose Adicional", with a total of 460663 vaccination records. PR:460663
WARNING: [PR] There are 76911 rows with dose = "Dose", with a total of 316511 vaccination records. PR:316511
WARNING: [PR] There are 1018945 rows with dose = "2o Reforço", with a total of 1798100 vaccination records. PR:1798100
WARNING: [PR] There are 25963 rows with dose = "1o Reforço", with a total of 46883 vaccination records. PR:46883
WARNING: [PR] There are 51687 rows with dose = "3a Dose", with a total of 202406 vaccination records. PR:202406
WARNING: [PR] There are 4650 rows with dose = "Única", with a total of 22902 vaccination records. PR:22902
WARNING: [PR] There are 16083 rows with dose = "3o Reforço", with a total of 18456 vaccination records. PR:18456
WARNING: [PR] There are 14480 rows with dose = "4a Dose Revacinação", with a total of 16321 vaccination records. PR:16321
WARNING: [PR] There are 6794 rows with dose = "3a Dose Revacinação", with a total of 7375 vaccination records. PR:7375
WARNING: [PR] There are 6397 rows with dose = "Revacinação", with a total of 7136 vaccination records. PR:7136
WARNING: [PR] There are 23438 rows with dose = "2a Dose Revacinação", with a total of 29565 vaccination records. PR:29565
WARNING: [PR] There are 16699 rows with dose = "1a Dose Revacinação", with a total of 20538 vaccination records. PR:20538
WARNING: [PR] There are 121 rows with dose = "5a Dose Revacinação", with a total of 127 vaccination records. PR:127
WARNING: [PR] There are 1 rows with dose = "Tratamento com uma dose", with a total of 1 vaccination records. PR:1
WARNING: [PR] There are 1 rows with dose = "Tratamento com três doses", with a total of 1 vaccination records. PR:1
WARNING: [PR] There are 19050 rows with dose = "4a Dose", with a total of 39897 vaccination records. PR:39897
WARNING: [PR] There are 1 rows with dose = "Tratamento com duas doses", with a total of 1 vaccination records. PR:1
WARNING: [PR] There are 2 rows with dose = "Dose Inicial", with a total of 2 vaccination records. PR:2
WARNING: [PR] There are 253 rows with dose = "5a Dose", with a total of 256 vaccination records. PR:256
WARNING: [PR] There are 1 rows with dose = "6o Reforço", with a total of 1 vaccination records. PR:1
WARNING: [PR] There are 1 rows with dose = "Tratamento com doze doses", with a total of 1 vaccination records. PR:1
WARNING: [RJ] There are 1780576 rows with dose = "2a Dose", with a total of 13425723 vaccination records. RJ:13425723
WARNING: [RJ] There are 244318 rows with dose = "Dose Adicional", with a total of 403991 vaccination records. RJ:403991
WARNING: [RJ] There are 1722761 rows with dose = "Reforço", with a total of 9415399 vaccination records. RJ:9415399
WARNING: [RJ] There are 1464227 rows with dose = "1a Dose", with a total of 14745123 vaccination records. RJ:14745123
WARNING: [RJ] There are 859563 rows with dose = "2o Reforço", with a total of 3932609 vaccination records. RJ:3932609
WARNING: [RJ] There are 14409 rows with dose = "2a Dose Revacinação", with a total of 16497 vaccination records. RJ:16497
WARNING: [RJ] There are 53637 rows with dose = "Dose", with a total of 397872 vaccination records. RJ:397872
WARNING: [RJ] There are 13625 rows with dose = "3a Dose", with a total of 21832 vaccination records. RJ:21832
WARNING: [RJ] There are 15970 rows with dose = "1o Reforço", with a total of 26413 vaccination records. RJ:26413
WARNING: [RJ] There are 44469 rows with dose = "3o Reforço", with a total of 65157 vaccination records. RJ:65157
WARNING: [RJ] There are 4735 rows with dose = "Revacinação", with a total of 5049 vaccination records. RJ:5049
WARNING: [RJ] There are 12033 rows with dose = "1a Dose Revacinação", with a total of 14317 vaccination records. RJ:14317
WARNING: [RJ] There are 10611 rows with dose = "3a Dose Revacinação", with a total of 11567 vaccination records. RJ:11567
WARNING: [RJ] There are 17167 rows with dose = "4a Dose Revacinação", with a total of 20933 vaccination records. RJ:20933
WARNING: [RJ] There are 453 rows with dose = "5a Dose Revacinação", with a total of 470 vaccination records. RJ:470
WARNING: [RJ] There are 224 rows with dose = "4a Dose", with a total of 259 vaccination records. RJ:259
WARNING: [RJ] There are 3426 rows with dose = "Única", with a total of 6178 vaccination records. RJ:6178
WARNING: [RJ] There are 2 rows with dose = "1a Dose Fracionada", with a total of 2 vaccination records. RJ:2
WARNING: [RJ] There are 4 rows with dose = "2a Dose Fracionada", with a total of 4 vaccination records. RJ:4
WARNING: [RJ] There are 1 rows with dose = "3a Dose Fracionada", with a total of 1 vaccination records. RJ:1
WARNING: [RJ] There are 18 rows with dose = "Dose Inicial", with a total of 30 vaccination records. RJ:30
WARNING: [RJ] There are 10 rows with dose = "5a Dose", with a total of 10 vaccination records. RJ:10
WARNING: [RJ] There are 1 rows with dose = "Tratamento com uma dose", with a total of 1 vaccination records. RJ:1
WARNING: [RN] There are 981159 rows with dose = "2a Dose", with a total of 2697820 vaccination records. RN:2697820
WARNING: [RN] There are 844646 rows with dose = "1a Dose", with a total of 3012900 vaccination records. RN:3012900
WARNING: [RN] There are 111159 rows with dose = "Dose Adicional", with a total of 166162 vaccination records. RN:166162
WARNING: [RN] There are 847618 rows with dose = "Reforço", with a total of 1842259 vaccination records. RN:1842259
WARNING: [RN] There are 482835 rows with dose = "2o Reforço", with a total of 890249 vaccination records. RN:890249
WARNING: [RN] There are 93355 rows with dose = "3o Reforço", with a total of 153854 vaccination records. RN:153854
WARNING: [RN] There are 4897 rows with dose = "Dose", with a total of 6617 vaccination records. RN:6617
WARNING: [RN] There are 24091 rows with dose = "Única", with a total of 61926 vaccination records. RN:61926
WARNING: [RN] There are 99517 rows with dose = "4a Dose", with a total of 199071 vaccination records. RN:199071
WARNING: [RN] There are 9384 rows with dose = "3a Dose", with a total of 10917 vaccination records. RN:10917
WARNING: [RN] There are 15372 rows with dose = "1o Reforço", with a total of 19878 vaccination records. RN:19878
WARNING: [RN] There are 40 rows with dose = "1a Dose Revacinação", with a total of 44 vaccination records. RN:44
WARNING: [RN] There are 9 rows with dose = "Dose Inicial", with a total of 9 vaccination records. RN:9
WARNING: [RN] There are 43 rows with dose = "2a Dose Revacinação", with a total of 44 vaccination records. RN:44
WARNING: [RN] There are 112 rows with dose = "5a Dose", with a total of 136 vaccination records. RN:136
WARNING: [RN] There are 3 rows with dose = "1a Dose Fracionada", with a total of 3 vaccination records. RN:3
WARNING: [RN] There are 2 rows with dose = "2a Dose Fracionada", with a total of 2 vaccination records. RN:2
WARNING: [RN] There are 11 rows with dose = "4o Reforço", with a total of 13 vaccination records. RN:13
WARNING: [RN] There are 3 rows with dose = "5a Dose Revacinação", with a total of 3 vaccination records. RN:3
WARNING: [RN] There are 17 rows with dose = "4a Dose Revacinação", with a total of 17 vaccination records. RN:17
WARNING: [RN] There are 13 rows with dose = "3a Dose Revacinação", with a total of 13 vaccination records. RN:13
WARNING: [RN] There are 5 rows with dose = "Revacinação", with a total of 5 vaccination records. RN:5
WARNING: [RO] There are 404777 rows with dose = "2a Dose", with a total of 1139449 vaccination records. RO:1139449
WARNING: [RO] There are 292351 rows with dose = "Reforço", with a total of 552716 vaccination records. RO:552716
WARNING: [RO] There are 336427 rows with dose = "1a Dose", with a total of 1333736 vaccination records. RO:1333736
WARNING: [RO] There are 38794 rows with dose = "Dose Adicional", with a total of 48474 vaccination records. RO:48474
WARNING: [RO] There are 105690 rows with dose = "2o Reforço", with a total of 169691 vaccination records. RO:169691
WARNING: [RO] There are 11089 rows with dose = "Dose", with a total of 33945 vaccination records. RO:33945
WARNING: [RO] There are 1436 rows with dose = "1a Dose Revacinação", with a total of 1582 vaccination records. RO:1582
WARNING: [RO] There are 2026 rows with dose = "4a Dose Revacinação", with a total of 2196 vaccination records. RO:2196
WARNING: [RO] There are 1329 rows with dose = "2a Dose Revacinação", with a total of 1395 vaccination records. RO:1395
WARNING: [RO] There are 1178 rows with dose = "3a Dose Revacinação", with a total of 1217 vaccination records. RO:1217
WARNING: [RO] There are 2604 rows with dose = "3o Reforço", with a total of 2744 vaccination records. RO:2744
WARNING: [RO] There are 1261 rows with dose = "Revacinação", with a total of 1313 vaccination records. RO:1313
WARNING: [RO] There are 1669 rows with dose = "1o Reforço", with a total of 1885 vaccination records. RO:1885
WARNING: [RO] There are 11282 rows with dose = "3a Dose", with a total of 16823 vaccination records. RO:16823
WARNING: [RO] There are 457 rows with dose = "5a Dose Revacinação", with a total of 569 vaccination records. RO:569
WARNING: [RO] There are 44 rows with dose = "Única", with a total of 46 vaccination records. RO:46
WARNING: [RR] There are 149836 rows with dose = "2a Dose", with a total of 361712 vaccination records. RR:361712
WARNING: [RR] There are 166899 rows with dose = "1a Dose", with a total of 477608 vaccination records. RR:477608
WARNING: [RR] There are 83928 rows with dose = "Reforço", with a total of 149320 vaccination records. RR:149320
WARNING: [RR] There are 23249 rows with dose = "2o Reforço", with a total of 36180 vaccination records. RR:36180
WARNING: [RR] There are 8390 rows with dose = "Dose Adicional", with a total of 10156 vaccination records. RR:10156
WARNING: [RR] There are 1605 rows with dose = "1a Dose Revacinação", with a total of 1726 vaccination records. RR:1726
WARNING: [RR] There are 5051 rows with dose = "Dose", with a total of 14725 vaccination records. RR:14725
WARNING: [RR] There are 815 rows with dose = "3o Reforço", with a total of 865 vaccination records. RR:865
WARNING: [RR] There are 1692 rows with dose = "1o Reforço", with a total of 1894 vaccination records. RR:1894
WARNING: [RR] There are 1017 rows with dose = "4a Dose Revacinação", with a total of 1041 vaccination records. RR:1041
WARNING: [RR] There are 1049 rows with dose = "3a Dose Revacinação", with a total of 1112 vaccination records. RR:1112
WARNING: [RR] There are 617 rows with dose = "3a Dose", with a total of 646 vaccination records. RR:646
WARNING: [RR] There are 509 rows with dose = "Revacinação", with a total of 518 vaccination records. RR:518
WARNING: [RR] There are 861 rows with dose = "2a Dose Revacinação", with a total of 878 vaccination records. RR:878
WARNING: [RR] There are 5 rows with dose = "5a Dose Revacinação", with a total of 5 vaccination records. RR:5
WARNING: [RR] There are 1 rows with dose = "Dose Inicial", with a total of 1 vaccination records. RR:1
WARNING: [RR] There are 19 rows with dose = "Única", with a total of 23 vaccination records. RR:23
WARNING: [RS] There are 2481373 rows with dose = "Reforço", with a total of 6586435 vaccination records. RS:6586435
WARNING: [RS] There are 1129863 rows with dose = "2o Reforço", with a total of 2547438 vaccination records. RS:2547438
WARNING: [RS] There are 2657475 rows with dose = "2a Dose", with a total of 9162598 vaccination records. RS:9162598
WARNING: [RS] There are 2158270 rows with dose = "1a Dose", with a total of 9894870 vaccination records. RS:9894870
WARNING: [RS] There are 187169 rows with dose = "Dose Adicional", with a total of 271648 vaccination records. RS:271648
WARNING: [RS] There are 14689 rows with dose = "3a Dose", with a total of 19670 vaccination records. RS:19670
WARNING: [RS] There are 17756 rows with dose = "1o Reforço", with a total of 22990 vaccination records. RS:22990
WARNING: [RS] There are 63753 rows with dose = "Dose", with a total of 309534 vaccination records. RS:309534
WARNING: [RS] There are 14502 rows with dose = "3o Reforço", with a total of 16767 vaccination records. RS:16767
WARNING: [RS] There are 5141 rows with dose = "Revacinação", with a total of 5587 vaccination records. RS:5587
WARNING: [RS] There are 17916 rows with dose = "2a Dose Revacinação", with a total of 19674 vaccination records. RS:19674
WARNING: [RS] There are 8117 rows with dose = "1a Dose Revacinação", with a total of 8996 vaccination records. RS:8996
WARNING: [RS] There are 13289 rows with dose = "4a Dose Revacinação", with a total of 14964 vaccination records. RS:14964
WARNING: [RS] There are 6799 rows with dose = "3a Dose Revacinação", with a total of 7405 vaccination records. RS:7405
WARNING: [RS] There are 95 rows with dose = "5a Dose", with a total of 120 vaccination records. RS:120
WARNING: [RS] There are 105 rows with dose = "4a Dose", with a total of 110 vaccination records. RS:110
WARNING: [RS] There are 26 rows with dose = "5a Dose Revacinação", with a total of 26 vaccination records. RS:26
WARNING: [RS] There are 5 rows with dose = "Dose Inicial", with a total of 5 vaccination records. RS:5
WARNING: [RS] There are 1655 rows with dose = "Única", with a total of 2908 vaccination records. RS:2908
WARNING: [RS] There are 7 rows with dose = "2a Dose Fracionada", with a total of 9 vaccination records. RS:9
WARNING: [RS] There are 2 rows with dose = "1a Dose Fracionada", with a total of 2 vaccination records. RS:2
WARNING: [RS] There are 2 rows with dose = "Tratamento com duas doses", with a total of 2 vaccination records. RS:2
WARNING: [RS] There are 1 rows with dose = "Tratamento com uma dose", with a total of 1 vaccination records. RS:1
WARNING: [SC] There are 1866539 rows with dose = "2a Dose", with a total of 5764428 vaccination records. SC:5764428
WARNING: [SC] There are 1517105 rows with dose = "1a Dose", with a total of 6312511 vaccination records. SC:6312511
WARNING: [SC] There are 604061 rows with dose = "2o Reforço", with a total of 1052071 vaccination records. SC:1052071
WARNING: [SC] There are 1543729 rows with dose = "Reforço", with a total of 3326312 vaccination records. SC:3326312
WARNING: [SC] There are 78015 rows with dose = "Dose Adicional", with a total of 100690 vaccination records. SC:100690
WARNING: [SC] There are 50457 rows with dose = "Dose", with a total of 251741 vaccination records. SC:251741
WARNING: [SC] There are 10678 rows with dose = "1o Reforço", with a total of 39475 vaccination records. SC:39475
WARNING: [SC] There are 10717 rows with dose = "3a Dose", with a total of 19270 vaccination records. SC:19270
WARNING: [SC] There are 2495 rows with dose = "Revacinação", with a total of 2603 vaccination records. SC:2603
WARNING: [SC] There are 478 rows with dose = "Única", with a total of 2633 vaccination records. SC:2633
WARNING: [SC] There are 5762 rows with dose = "2a Dose Revacinação", with a total of 5942 vaccination records. SC:5942
WARNING: [SC] There are 9966 rows with dose = "3o Reforço", with a total of 11421 vaccination records. SC:11421
WARNING: [SC] There are 3404 rows with dose = "4a Dose Revacinação", with a total of 3503 vaccination records. SC:3503
WARNING: [SC] There are 4580 rows with dose = "1a Dose Revacinação", with a total of 4755 vaccination records. SC:4755
WARNING: [SC] There are 1804 rows with dose = "3a Dose Revacinação", with a total of 1843 vaccination records. SC:1843
WARNING: [SC] There are 26 rows with dose = "5a Dose Revacinação", with a total of 26 vaccination records. SC:26
WARNING: [SC] There are 1 rows with dose = "Dose Inicial", with a total of 1 vaccination records. SC:1
WARNING: [SC] There are 2 rows with dose = "4a Dose", with a total of 2 vaccination records. SC:2
WARNING: [SC] There are 1 rows with dose = "5a Dose", with a total of 1 vaccination records. SC:1
WARNING: [SE] There are 590633 rows with dose = "Reforço", with a total of 1279628 vaccination records. SE:1279628
WARNING: [SE] There are 635726 rows with dose = "2a Dose", with a total of 1804573 vaccination records. SE:1804573
WARNING: [SE] There are 20858 rows with dose = "Dose Adicional", with a total of 26426 vaccination records. SE:26426
WARNING: [SE] There are 500331 rows with dose = "1a Dose", with a total of 2007587 vaccination records. SE:2007587
WARNING: [SE] There are 9480 rows with dose = "Dose", with a total of 42739 vaccination records. SE:42739
WARNING: [SE] There are 303939 rows with dose = "2o Reforço", with a total of 598222 vaccination records. SE:598222
WARNING: [SE] There are 3533 rows with dose = "3a Dose", with a total of 5693 vaccination records. SE:5693
WARNING: [SE] There are 7796 rows with dose = "3o Reforço", with a total of 22376 vaccination records. SE:22376
WARNING: [SE] There are 1542 rows with dose = "4a Dose Revacinação", with a total of 1657 vaccination records. SE:1657
WARNING: [SE] There are 686 rows with dose = "2a Dose Revacinação", with a total of 705 vaccination records. SE:705
WARNING: [SE] There are 1226 rows with dose = "1a Dose Revacinação", with a total of 1444 vaccination records. SE:1444
WARNING: [SE] There are 11 rows with dose = "4a Dose", with a total of 11 vaccination records. SE:11
WARNING: [SE] There are 4217 rows with dose = "1o Reforço", with a total of 5449 vaccination records. SE:5449
WARNING: [SE] There are 1118 rows with dose = "Revacinação", with a total of 1245 vaccination records. SE:1245
WARNING: [SE] There are 866 rows with dose = "3a Dose Revacinação", with a total of 924 vaccination records. SE:924
WARNING: [SE] There are 3 rows with dose = "5a Dose Revacinação", with a total of 3 vaccination records. SE:3
WARNING: [SE] There are 48 rows with dose = "Única", with a total of 49 vaccination records. SE:49
WARNING: [SP] There are 4906580 rows with dose = "1a Dose", with a total of 45229094 vaccination records. SP:45229094
WARNING: [SP] There are 6288250 rows with dose = "2a Dose", with a total of 41619287 vaccination records. SP:41619287
WARNING: [SP] There are 8066592 rows with dose = "Reforço", with a total of 33771596 vaccination records. SP:33771596
WARNING: [SP] There are 169654 rows with dose = "Dose", with a total of 1276703 vaccination records. SP:1276703
WARNING: [SP] There are 323350 rows with dose = "Dose Adicional", with a total of 591129 vaccination records. SP:591129
WARNING: [SP] There are 4080873 rows with dose = "2o Reforço", with a total of 13844711 vaccination records. SP:13844711
WARNING: [SP] There are 13748 rows with dose = "3o Reforço", with a total of 19629 vaccination records. SP:19629
WARNING: [SP] There are 162834 rows with dose = "1o Reforço", with a total of 342925 vaccination records. SP:342925
WARNING: [SP] There are 22418 rows with dose = "3a Dose", with a total of 41691 vaccination records. SP:41691
WARNING: [SP] There are 7833 rows with dose = "Única", with a total of 25003 vaccination records. SP:25003
WARNING: [SP] There are 101 rows with dose = "Dose Inicial", with a total of 395 vaccination records. SP:395
WARNING: [SP] There are 1029 rows with dose = "4a Dose", with a total of 1131 vaccination records. SP:1131
WARNING: [SP] There are 240 rows with dose = "2a Dose Revacinação", with a total of 242 vaccination records. SP:242
WARNING: [SP] There are 106 rows with dose = "4a Dose Revacinação", with a total of 106 vaccination records. SP:106
WARNING: [SP] There are 16 rows with dose = "Tratamento com uma dose", with a total of 16 vaccination records. SP:16
WARNING: [SP] There are 173 rows with dose = "1a Dose Revacinação", with a total of 181 vaccination records. SP:181
WARNING: [SP] There are 18 rows with dose = "Tratamento com duas doses", with a total of 18 vaccination records. SP:18
WARNING: [SP] There are 153 rows with dose = "5a Dose", with a total of 163 vaccination records. SP:163
WARNING: [SP] There are 59 rows with dose = "3a Dose Revacinação", with a total of 59 vaccination records. SP:59
WARNING: [SP] There are 1 rows with dose = "Tratamento com quatro doses", with a total of 1 vaccination records. SP:1
WARNING: [SP] There are 74 rows with dose = "Revacinação", with a total of 75 vaccination records. SP:75
WARNING: [SP] There are 2 rows with dose = "5a Dose Revacinação", with a total of 2 vaccination records. SP:2
WARNING: [TO] There are 498460 rows with dose = "2a Dose", with a total of 1004721 vaccination records. TO:1004721
WARNING: [TO] There are 347278 rows with dose = "Reforço", with a total of 505037 vaccination records. TO:505037
WARNING: [TO] There are 453334 rows with dose = "1a Dose", with a total of 1184854 vaccination records. TO:1184854
WARNING: [TO] There are 12525 rows with dose = "Dose", with a total of 32045 vaccination records. TO:32045
WARNING: [TO] There are 22507 rows with dose = "Dose Adicional", with a total of 26113 vaccination records. TO:26113
WARNING: [TO] There are 1952 rows with dose = "2a Dose Revacinação", with a total of 2029 vaccination records. TO:2029
WARNING: [TO] There are 2308 rows with dose = "1a Dose Revacinação", with a total of 2390 vaccination records. TO:2390
WARNING: [TO] There are 100440 rows with dose = "2o Reforço", with a total of 131532 vaccination records. TO:131532
WARNING: [TO] There are 2574 rows with dose = "3o Reforço", with a total of 2694 vaccination records. TO:2694
WARNING: [TO] There are 2907 rows with dose = "1o Reforço", with a total of 3097 vaccination records. TO:3097
WARNING: [TO] There are 1255 rows with dose = "3a Dose", with a total of 1347 vaccination records. TO:1347
WARNING: [TO] There are 1281 rows with dose = "Revacinação", with a total of 1344 vaccination records. TO:1344
WARNING: [TO] There are 951 rows with dose = "4a Dose Revacinação", with a total of 978 vaccination records. TO:978
WARNING: [TO] There are 2 rows with dose = "Dose Inicial", with a total of 2 vaccination records. TO:2
WARNING: [TO] There are 894 rows with dose = "3a Dose Revacinação", with a total of 954 vaccination records. TO:954
WARNING: [TO] There are 1 rows with dose = "4a Dose", with a total of 1 vaccination records. TO:1
WARNING: [TO] There are 18 rows with dose = "5a Dose Revacinação", with a total of 18 vaccination records. TO:18
WARNING: [TO] There are 46 rows with dose = "Única", with a total of 46 vaccination records. TO:46
WARNING: [TO] There are 1 rows with dose = "5a Dose", with a total of 1 vaccination records. TO:1
INFO: total doses -> 526921433
####################################################################################################
<class 'pandas.core.frame.DataFrame'>
Int64Index: 66695287 entries, 0 to 829268
Data columns (total 8 columns):
 #   Column  Dtype         
---  ------  -----         
 0   date    datetime64[ns]
 1   uf      category      
 2   ibge    category      
 3   dose    category      
 4   name    category      
 5   sex     category      
 6   age     category      
 7   count   int64         
dtypes: category(6), datetime64[ns](1), int64(1)
memory usage: 1.9 GB
####################################################################################################
WARNING: col "dose" with 0 but not J&J are now dose=1 and vaccine=N/A. This corresponds to 1946 rows, with a total of 2955 vaccination records.
WARNING: col "vaccine" with J&J but dose 1 or 2 before 2021-11-16 are now dose=0. This corresponds to 41014 rows, with a total of 240015 vaccination records.
WARNING: col "dose" with 3 but before 2021-08-20, now are dose=2. This corresponds to 19995 rows, with a total of 21217 vaccination records.
WARNING: col "date" contains 5482 NaN values (before Jan 2021 or N/A), with a total of 34170 vaccination records.
WARNING: There are 54930 rows without age, with a total of 346025 records!
WARNING: There are 1538782 rows without name, with a total of 10262860 records!
####################################################################################################
<class 'pandas.core.frame.DataFrame'>
Int64Index: 66695287 entries, 0 to 66695286
Data columns (total 11 columns):
 #   Column   Dtype         
---  ------   -----         
 0   date     datetime64[ns]
 1   uf       category      
 2   ibgeID   category      
 3   dose     category      
 4   vaccine  category      
 5   sex      category      
 6   age      category      
 7   count    int64         
 8   city     category      
 9   state    category      
 10  pop2021  int64         
dtypes: category(8), datetime64[ns](1), int64(2)
memory usage: 2.6 GB
####################################################################################################
WARNING: There are 1538782 rows with "vaccine" = N/A, with a total of 10262860 vaccination records.
> UFs with this problem:
##############################
state
SP    3260257
MG    1088357
RJ    1068020
RS     695822
PR     654311
BA     544647
CE     467135
SC     248813
GO     245495
PE     240035
ES     205511
PA     199274
MA     185341
PB     179398
DF     172806
PI     162656
SE     101531
AL      93627
AM      92089
MS      88196
RN      85055
MT      63037
RO      42030
TO      41958
AP      17593
AC      11517
RR       8349
Name: count, dtype: int64
##############################
> Top 20 municipalities with this problem:
##############################
city
São Paulo/SP                1083692
Rio de Janeiro/RJ            662461
Belo Horizonte/MG            203151
Brasília/DF                  172806
Curitiba/PR                  160017
Porto Alegre/RS              150043
Salvador/BA                  144034
Fortaleza/CE                 123352
Campinas/SP                   89024
Goiânia/GO                    87836
São Bernardo do Campo/SP      79845
Guarulhos/SP                  78882
Santo André/SP                63384
Ribeirão Preto/SP             61656
São José dos Campos/SP        59596
Belém/PA                      58038
Manaus/AM                     53192
Osasco/SP                     51698
Sorocaba/SP                   50218
Uberlândia/MG                 45198
Name: count, dtype: int64
##############################
WARNING: AC has 697545 as "doses_1", while bra1 has 697466, with 79 more.
WARNING: AC has 612172 as "doses_2", while bra1 has 612044, with 128 more.
WARNING: AC has 393903 as "doses_3", while bra1 has 393786, with 117 more.
WARNING: AL has 2659312 as "doses_1", while bra1 has 2617483, with 41829 more.
WARNING: AL has 2330430 as "doses_2", while bra1 has 2271143, with 59287 more.
WARNING: AL has 1739406 as "doses_3", while bra1 has 1453763, with 285643 more.
WARNING: AM has 3358377 as "doses_1", while bra1 has 3357715, with 662 more.
WARNING: AM has 2880048 as "doses_2", while bra1 has 2879393, with 655 more.
WARNING: AM has 2001593 as "doses_3", while bra1 has 2000168, with 1425 more.
WARNING: AP has 626311 as "doses_1", while bra1 has 626088, with 223 more.
WARNING: AP has 537647 as "doses_2", while bra1 has 537470, with 177 more.
WARNING: AP has 335541 as "doses_3", while bra1 has 335115, with 426 more.
WARNING: BA has 289675 as "doses_0", while bra1 has 284439, with 5236 more.
WARNING: BA has 12711369 as "doses_1", while bra1 has 11681006, with 1030363 more.
WARNING: BA has 11731555 as "doses_2", while bra1 has 10568359, with 1163196 more.
WARNING: BA has 10900513 as "doses_3", while bra1 has 8038266, with 2862247 more.
WARNING: CE has 7060672 as "doses_3", while bra1 has 5620091, with 1440581 more.
WARNING: DF has 2463461 as "doses_2", while bra1 has 2426080, with 37381 more.
WARNING: DF has 2156376 as "doses_3", while bra1 has 1859780, with 296596 more.
WARNING: ES has 3194495 as "doses_2", while bra1 has 3139436, with 55059 more.
WARNING: ES has 2909863 as "doses_3", while bra1 has 2257968, with 651895 more.
WARNING: GO has 5961417 as "doses_1", while bra1 has 5961037, with 380 more.
WARNING: GO has 5431941 as "doses_2", while bra1 has 5431426, with 515 more.
WARNING: GO has 3970411 as "doses_3", while bra1 has 3969004, with 1407 more.
WARNING: MA has 3136229 as "doses_3", while bra1 has 2366308, with 769921 more.
WARNING: MG has 526616 as "doses_0", while bra1 has 526614, with 2 more.
WARNING: MG has 18436063 as "doses_1", while bra1 has 18434389, with 1674 more.
WARNING: MG has 17877379 as "doses_2", while bra1 has 17875420, with 1959 more.
WARNING: MG has 15403654 as "doses_3", while bra1 has 15400570, with 3084 more.
WARNING: MS has 2107946 as "doses_2", while bra1 has 1964502, with 143444 more.
WARNING: MS has 1523548 as "doses_3", while bra1 has 1363828, with 159720 more.
WARNING: MT has 104652 as "doses_0", while bra1 has 104615, with 37 more.
WARNING: MT has 2865572 as "doses_1", while bra1 has 2865118, with 454 more.
WARNING: MT has 2572101 as "doses_2", while bra1 has 2572076, with 25 more.
WARNING: MT has 1530523 as "doses_3", while bra1 has 1528944, with 1579 more.
WARNING: PA has 149310 as "doses_0", while bra1 has 149148, with 162 more.
WARNING: PA has 3326994 as "doses_3", while bra1 has 2492989, with 834005 more.
WARNING: PB has 3570919 as "doses_1", while bra1 has 3552667, with 18252 more.
WARNING: PB has 3319667 as "doses_2", while bra1 has 3312766, with 6901 more.
WARNING: PB has 2838485 as "doses_3", while bra1 has 2317672, with 520813 more.
WARNING: PE has 203178 as "doses_0", while bra1 has 201914, with 1264 more.
WARNING: PE has 6719630 as "doses_3", while bra1 has 5530086, with 1189544 more.
WARNING: PI has 56984 as "doses_0", while bra1 has 56560, with 424 more.
WARNING: PI has 3060178 as "doses_3", while bra1 has 2477991, with 582187 more.
WARNING: PR has 340277 as "doses_0", while bra1 has 340240, with 37 more.
WARNING: PR has 10337540 as "doses_1", while bra1 has 10310315, with 27225 more.
WARNING: PR has 10024774 as "doses_2", while bra1 has 9993206, with 31568 more.
WARNING: PR has 8552495 as "doses_3", while bra1 has 8469998, with 82497 more.
WARNING: RJ has 405100 as "doses_0", while bra1 has 404779, with 321 more.
WARNING: RJ has 14758818 as "doses_1", while bra1 has 14731038, with 27780 more.
WARNING: RJ has 13852647 as "doses_2", while bra1 has 13824345, with 28302 more.
WARNING: RJ has 12403172 as "doses_3", while bra1 has 12281428, with 121744 more.
WARNING: RN has 69552 as "doses_0", while bra1 has 69006, with 546 more.
WARNING: RN has 3011487 as "doses_1", while bra1 has 2981036, with 30451 more.
WARNING: RN has 2864481 as "doses_2", while bra1 has 2772139, with 92342 more.
WARNING: RN has 2832122 as "doses_3", while bra1 has 2030138, with 801984 more.
WARNING: RO has 38093 as "doses_0", while bra1 has 38090, with 3 more.
WARNING: RO has 1331492 as "doses_1", while bra1 has 1329679, with 1813 more.
WARNING: RO has 1190491 as "doses_2", while bra1 has 1187968, with 2523 more.
WARNING: RO has 702910 as "doses_3", while bra1 has 700162, with 2748 more.
WARNING: RR has 14845 as "doses_0", while bra1 has 14749, with 96 more.
WARNING: RR has 479323 as "doses_1", while bra1 has 475484, with 3839 more.
WARNING: RR has 373233 as "doses_2", while bra1 has 370414, with 2819 more.
WARNING: RR has 181614 as "doses_3", while bra1 has 177931, with 3683 more.
WARNING: RS has 9896783 as "doses_1", while bra1 has 9882801, with 13982 more.
WARNING: RS has 9459869 as "doses_2", while bra1 has 9439922, with 19947 more.
WARNING: RS has 8504511 as "doses_3", while bra1 has 8457997, with 46514 more.
WARNING: SC has 6317180 as "doses_1", while bra1 has 6311336, with 5844 more.
WARNING: SC has 5873840 as "doses_2", while bra1 has 5866110, with 7730 more.
WARNING: SC has 4201337 as "doses_3", while bra1 has 4178799, with 22538 more.
WARNING: SE has 1810634 as "doses_3", while bra1 has 1376006, with 434628 more.
WARNING: SP has 1303592 as "doses_0", while bra1 has 1286285, with 17307 more.
WARNING: SP has 45221949 as "doses_1", while bra1 has 43400622, with 1821327 more.
WARNING: SP has 42207735 as "doses_2", while bra1 has 40877748, with 1329987 more.
WARNING: SP has 44769187 as "doses_3", while bra1 has 29130858, with 15638329 more.
WARNING: TO has 1187212 as "doses_1", while bra1 has 1185206, with 2006 more.
WARNING: TO has 1034302 as "doses_2", while bra1 has 1031455, with 2847 more.
WARNING: TO has 602603 as "doses_3", while bra1 has 598506, with 4097 more.
WARNING: There are 2 municipalities without doses_0! GO:1, MG:1.
WARNING: There are 769 municipalities with more doses_1 than population! AC:2, AL:1, AM:6, BA:38, CE:24, ES:2, GO:42, MA:1, MG:106, MS:7, MT:17, PA:4, PB:27, PE:14, PI:25, PR:81, RJ:4, RN:40, RO:4, RR:1, RS:52, SC:64, SE:3, SP:203, TO:1.
WARNING: There are 562 municipalities with more doses_2 than population! AC:1, AM:3, BA:31, CE:10, ES:1, GO:31, MG:121, MS:6, MT:6, PA:3, PB:10, PE:6, PI:13, PR:66, RJ:6, RN:33, RO:2, RS:41, SC:43, SE:2, SP:126, TO:1.
WARNING: There are 5268 municipalities with more doses_0 + doses_1 than population! AC:17, AL:91, AM:39, AP:14, BA:404, CE:183, DF:1, ES:78, GO:239, MA:152, MG:849, MS:78, MT:111, PA:86, PB:223, PE:178, PI:224, PR:399, RJ:89, RN:160, RO:35, RR:7, RS:494, SC:290, SE:75, SP:645, TO:107.
> Municipalities with this problem:
####################################################################################################
              pop state                city  doses_0+1  difference
ibgeID                                                            
3550308  12396372    SP        São Paulo/SP   26677257    14280885
3304557   6775561    RJ   Rio de Janeiro/RJ   12915856     6140295
2927408   2900319    BA         Salvador/BA    5216065     2315746
3106200   2530701    MG   Belo Horizonte/MG    4578545     2047844
2304400   2703391    CE        Fortaleza/CE    4467575     1764184
...           ...   ...                 ...        ...         ...
1704105      2966    TO       Centenário/TO       3000          34
2910909      5641    BA    Firmino Alves/BA       5665          24
2707404      7618    AL  Porto de Pedras/AL       7627           9
1718550      4723    TO        Riachinho/TO       4728           5
2703601      8444    AL      Japaratinga/AL       8446           2

[5268 rows x 5 columns]
####################################################################################################
